<?xml version="1.0" encoding="UTF-8"?>
<!-- Generated by org.testng.reporters.JUnitXMLReporter -->
<testsuite ignored="4" hostname="hp" failures="0" tests="1" name="Default test" time="1.968" errors="0" timestamp="2023-09-25T22:17:01 IST">
  <testcase classname="crudWithoutBDDReqres.CreateProject" name="getProect" time="1.932"/>
  <testcase classname="crudWithoutBDDReqres.CreateProject" name="updateProject" time="0.0">
    <ignored/>
  </testcase> <!-- updateProject -->
  <testcase classname="crudWithoutBDDReqres.CreateProject" name="partialUpdateProject" time="0.0">
    <ignored/>
  </testcase> <!-- partialUpdateProject -->
  <testcase classname="crudWithoutBDDReqres.CreateProject" name="deleteProject" time="0.0">
    <ignored/>
  </testcase> <!-- deleteProject -->
  <testcase classname="crudWithoutBDDReqres.CreateProject" name="createProject" time="0.0">
    <ignored/>
  </testcase> <!-- createProject -->
</testsuite> <!-- Default test -->
