<?xml version="1.0" encoding="UTF-8"?>
<!-- Generated by org.testng.reporters.JUnitXMLReporter -->
<testsuite ignored="8" hostname="hp" failures="0" tests="1" name="Default test" time="2.477" errors="0" timestamp="2024-09-09T14:29:10 IST">
  <testcase classname="crudWithBDDReqers.CrudProjectReqres" name="getSingleProject" time="2.436"/>
  <testcase classname="crudWithBDDReqers.CrudProjectReqres" name="partialUpdate" time="0.0">
    <ignored/>
  </testcase> <!-- partialUpdate -->
  <testcase classname="crudWithBDDReqers.CrudProjectReqres" name="createProject" time="0.0">
    <ignored/>
  </testcase> <!-- createProject -->
  <testcase classname="crudWithBDDReqers.CrudProjectReqres" name="createUsingMap" time="0.0">
    <ignored/>
  </testcase> <!-- createUsingMap -->
  <testcase classname="crudWithBDDReqers.CrudProjectReqres" name="updateProject" time="0.0">
    <ignored/>
  </testcase> <!-- updateProject -->
  <testcase classname="crudWithBDDReqers.CrudProjectReqres" name="createUsingJSONFile" time="0.0">
    <ignored/>
  </testcase> <!-- createUsingJSONFile -->
  <testcase classname="crudWithBDDReqers.CrudProjectReqres" name="method" time="0.0">
    <ignored/>
  </testcase> <!-- method -->
  <testcase classname="crudWithBDDReqers.CrudProjectReqres" name="deleteProject" time="0.0">
    <ignored/>
  </testcase> <!-- deleteProject -->
  <testcase classname="crudWithBDDReqers.CrudProjectReqres" name="getAllProject" time="0.0">
    <ignored/>
  </testcase> <!-- getAllProject -->
</testsuite> <!-- Default test -->
