<?xml version="1.0" encoding="UTF-8"?>
<testng-results ignored="0" total="1" passed="1" failed="0" skipped="0">
  <reporter-output>
  </reporter-output>
  <suite started-at="2023-08-21T12:47:03 IST" name="Default suite" finished-at="2023-08-21T12:47:05 IST" duration-ms="1737">
    <groups>
    </groups>
    <test started-at="2023-08-21T12:47:03 IST" name="Default test" finished-at="2023-08-21T12:47:05 IST" duration-ms="1737">
      <class name="InterViewQuestion.HideSencitiveDataOutOfLog">
        <test-method signature="method()[pri:0, instance:InterViewQuestion.HideSencitiveDataOutOfLog@7c711375]" started-at="2023-08-21T12:47:03 IST" name="method" finished-at="2023-08-21T12:47:05 IST" duration-ms="1708" status="PASS">
          <reporter-output>
          </reporter-output>
        </test-method> <!-- method -->
      </class> <!-- InterViewQuestion.HideSencitiveDataOutOfLog -->
    </test> <!-- Default test -->
  </suite> <!-- Default suite -->
</testng-results>
