<?xml version="1.0" encoding="UTF-8"?>
<testng-results ignored="8" total="9" passed="1" failed="0" skipped="0">
  <reporter-output>
  </reporter-output>
  <suite started-at="2024-09-09T14:29:08 IST" name="Default suite" finished-at="2024-09-09T14:29:10 IST" duration-ms="2477">
    <groups>
    </groups>
    <test started-at="2024-09-09T14:29:08 IST" name="Default test" finished-at="2024-09-09T14:29:10 IST" duration-ms="2477">
      <class name="crudWithBDDReqers.CrudProjectReqres">
        <test-method signature="getSingleProject()[pri:0, instance:crudWithBDDReqers.CrudProjectReqres@f0da945]" started-at="2024-09-09T14:29:08 IST" name="getSingleProject" finished-at="2024-09-09T14:29:10 IST" duration-ms="2436" status="PASS">
          <reporter-output>
          </reporter-output>
        </test-method> <!-- getSingleProject -->
      </class> <!-- crudWithBDDReqers.CrudProjectReqres -->
    </test> <!-- Default test -->
  </suite> <!-- Default suite -->
</testng-results>
